action: py38, msg: envreport
cwd: /mnt/workdisk/github/likebuttontest
cmd: /mnt/workdisk/github/likebuttontest/.tox/py38/bin/python -m pip freeze
attrs==21.4.0
certifi==2021.10.8
charset-normalizer==2.0.12
clapping==0.0.0
coverage==6.3.2
distlib==0.3.4
filelock==3.6.0
flake8==3.9.2
idna==3.3
iniconfig==1.1.1
mccabe==0.6.1
mypy==0.910
mypy-extensions==0.4.3
packaging==21.3
platformdirs==2.5.1
pluggy==1.0.0
py==1.11.0
pycodestyle==2.7.0
pyflakes==2.3.1
pyparsing==3.0.7
pytest==6.2.5
pytest-cov==2.12.1
requests==2.27.1
six==1.16.0
toml==0.10.2
tox==3.24.3
typing-extensions==4.1.1
urllib3==1.26.8
virtualenv==20.13.2
