action: py39, msg: installpkg
cwd: /mnt/workdisk/github/likebuttontest
cmd: /mnt/workdisk/github/likebuttontest/.tox/py39/bin/python -m pip install --exists-action w .tox/.tmp/package/1/clapping-0.0.0.tar.gz
Processing ./.tox/.tmp/package/1/clapping-0.0.0.tar.gz
  Installing build dependencies: started
  Installing build dependencies: finished with status 'done'
  Getting requirements to build wheel: started
  Getting requirements to build wheel: finished with status 'done'
    Preparing wheel metadata: started
    Preparing wheel metadata: finished with status 'done'
Collecting requests>=2
  Using cached requests-2.27.1-py2.py3-none-any.whl (63 kB)
Collecting idna<4,>=2.5; python_version >= "3"
  Using cached idna-3.3-py3-none-any.whl (61 kB)
Collecting charset-normalizer~=2.0.0; python_version >= "3"
  Using cached charset_normalizer-2.0.12-py3-none-any.whl (39 kB)
Collecting certifi>=2017.4.17
  Using cached certifi-2021.10.8-py2.py3-none-any.whl (149 kB)
Collecting urllib3<1.27,>=1.21.1
  Using cached urllib3-1.26.8-py2.py3-none-any.whl (138 kB)
Building wheels for collected packages: clapping
  Building wheel for clapping (PEP 517): started
  Building wheel for clapping (PEP 517): finished with status 'done'
  Created wheel for clapping: filename=clapping-0.0.0-py3-none-any.whl size=2661 sha256=f23aef65f3d691d055e36063425aa3f2fa0c91d34ae84a73fb3166db0e0e282f
  Stored in directory: /home/disco/.cache/pip/wheels/59/3e/58/9ff9d5e997c47986ef94bff005bcbcf5e0e47f0ad59aeec848
Successfully built clapping
Installing collected packages: idna, charset-normalizer, certifi, urllib3, requests, clapping
Successfully installed certifi-2021.10.8 charset-normalizer-2.0.12 clapping-0.0.0 idna-3.3 requests-2.27.1 urllib3-1.26.8
